WARNING:absl:Found untraced functions such as _jit_compiled_convolution_op, _jit_compiled_convolution_op, _update_step_xla while saving (showing 3 of 3). These functions will not be directly callable after loading.
INFO:tensorflow:Assets written to: QDN\assets
WARNING:absl:Found untraced functions such as _jit_compiled_convolution_op, _jit_compiled_convolution_op, _update_step_xla while saving (showing 3 of 3). These functions will not be directly callable after loading.
INFO:tensorflow:Assets written to: QDN\assets
WARNING:absl:Found untraced functions such as _jit_compiled_convolution_op, _jit_compiled_convolution_op, _update_step_xla while saving (showing 3 of 3). These functions will not be directly callable after loading.
INFO:tensorflow:Assets written to: QDN\assets
WARNING:absl:Found untraced functions such as _jit_compiled_convolution_op, _jit_compiled_convolution_op, _update_step_xla while saving (showing 3 of 3). These functions will not be directly callable after loading.
INFO:tensorflow:Assets written to: QDN\assets
WARNING:absl:Found untraced functions such as _jit_compiled_convolution_op, _jit_compiled_convolution_op, _update_step_xla while saving (showing 3 of 3). These functions will not be directly callable after loading.
INFO:tensorflow:Assets written to: QDN\assets
WARNING:absl:Found untraced functions such as _jit_compiled_convolution_op, _jit_compiled_convolution_op, _update_step_xla while saving (showing 3 of 3). These functions will not be directly callable after loading.
INFO:tensorflow:Assets written to: QDN\assets
WARNING:absl:Found untraced functions such as _jit_compiled_convolution_op, _jit_compiled_convolution_op, _update_step_xla while saving (showing 3 of 3). These functions will not be directly callable after loading.
INFO:tensorflow:Assets written to: QDN\assets
WARNING:absl:Found untraced functions such as _jit_compiled_convolution_op, _jit_compiled_convolution_op, _update_step_xla while saving (showing 3 of 3). These functions will not be directly callable after loading.
INFO:tensorflow:Assets written to: QDN\assets
ERROR:root:Got exception on main handler
Traceback (most recent call last):
  File "C:\Users\Zoomy\Desktop\Thesis\Chess-Engine_Reinforcement-Learning\src\main.py", line 298, in <module>
    main.run()
  File "C:\Users\Zoomy\Desktop\Thesis\Chess-Engine_Reinforcement-Learning\src\main.py", line 51, in run
    self.game.make_engine_play()
  File "C:\Users\Zoomy\Desktop\Thesis\Chess-Engine_Reinforcement-Learning\src\game.py", line 95, in make_engine_play
    if not self.engine2_move():
  File "C:\Users\Zoomy\Desktop\Thesis\Chess-Engine_Reinforcement-Learning\src\game.py", line 151, in engine2_move
    piece, move = self.engine2.choose_move(self.board)
  File "C:\Users\Zoomy\Desktop\Thesis\Chess-Engine_Reinforcement-Learning\src\q_learning_engine.py", line 47, in choose_move
    top3_moves = [i['Move'] for i in self.sfish.get_top_moves(3)]
  File "C:\Users\Zoomy\AppData\Local\Programs\Python\Python39\lib\site-packages\stockfish\models.py", line 540, in get_top_moves
    text = self._read_line()
  File "C:\Users\Zoomy\AppData\Local\Programs\Python\Python39\lib\site-packages\stockfish\models.py", line 160, in _read_line
    raise StockfishException("The Stockfish process has crashed")
stockfish.models.StockfishException: The Stockfish process has crashed
WARNING:absl:Found untraced functions such as _jit_compiled_convolution_op, _jit_compiled_convolution_op, _update_step_xla while saving (showing 3 of 3). These functions will not be directly callable after loading.
INFO:tensorflow:Assets written to: QDN\assets
WARNING:absl:Found untraced functions such as _jit_compiled_convolution_op, _jit_compiled_convolution_op, _update_step_xla while saving (showing 3 of 3). These functions will not be directly callable after loading.
INFO:tensorflow:Assets written to: QDN\assets
WARNING:absl:Found untraced functions such as _jit_compiled_convolution_op, _jit_compiled_convolution_op, _update_step_xla while saving (showing 3 of 3). These functions will not be directly callable after loading.
INFO:tensorflow:Assets written to: QDN\assets
WARNING:absl:Found untraced functions such as _jit_compiled_convolution_op, _jit_compiled_convolution_op, _update_step_xla while saving (showing 3 of 3). These functions will not be directly callable after loading.
INFO:tensorflow:Assets written to: QDN\assets
WARNING:absl:Found untraced functions such as _jit_compiled_convolution_op, _jit_compiled_convolution_op, _update_step_xla while saving (showing 3 of 3). These functions will not be directly callable after loading.
INFO:tensorflow:Assets written to: QDN\assets
WARNING:absl:Found untraced functions such as _jit_compiled_convolution_op, _jit_compiled_convolution_op, _update_step_xla while saving (showing 3 of 3). These functions will not be directly callable after loading.
INFO:tensorflow:Assets written to: QDN\assets
WARNING:absl:Found untraced functions such as _jit_compiled_convolution_op, _jit_compiled_convolution_op, _update_step_xla while saving (showing 3 of 3). These functions will not be directly callable after loading.
INFO:tensorflow:Assets written to: QDN\assets
WARNING:absl:Found untraced functions such as _jit_compiled_convolution_op, _jit_compiled_convolution_op, _update_step_xla while saving (showing 3 of 3). These functions will not be directly callable after loading.
INFO:tensorflow:Assets written to: QDN\assets
WARNING:absl:Found untraced functions such as _jit_compiled_convolution_op, _jit_compiled_convolution_op, _update_step_xla while saving (showing 3 of 3). These functions will not be directly callable after loading.
INFO:tensorflow:Assets written to: QDN\assets
ERROR:root:Got exception on main handler
Traceback (most recent call last):
  File "C:\Users\Zoomy\Desktop\Thesis\Chess-Engine_Reinforcement-Learning\src\main.py", line 298, in <module>
    main.run()
  File "C:\Users\Zoomy\Desktop\Thesis\Chess-Engine_Reinforcement-Learning\src\main.py", line 51, in run
    self.game.make_engine_play()
  File "C:\Users\Zoomy\Desktop\Thesis\Chess-Engine_Reinforcement-Learning\src\game.py", line 95, in make_engine_play
    if not self.engine2_move():
  File "C:\Users\Zoomy\Desktop\Thesis\Chess-Engine_Reinforcement-Learning\src\game.py", line 151, in engine2_move
    piece, move = self.engine2.choose_move(self.board)
  File "C:\Users\Zoomy\Desktop\Thesis\Chess-Engine_Reinforcement-Learning\src\q_learning_engine.py", line 47, in choose_move
    top3_moves = [i['Move'] for i in self.sfish.get_top_moves(3)]
  File "C:\Users\Zoomy\AppData\Local\Programs\Python\Python39\lib\site-packages\stockfish\models.py", line 540, in get_top_moves
    text = self._read_line()
  File "C:\Users\Zoomy\AppData\Local\Programs\Python\Python39\lib\site-packages\stockfish\models.py", line 160, in _read_line
    raise StockfishException("The Stockfish process has crashed")
stockfish.models.StockfishException: The Stockfish process has crashed
WARNING:absl:Found untraced functions such as _jit_compiled_convolution_op, _jit_compiled_convolution_op, _update_step_xla while saving (showing 3 of 3). These functions will not be directly callable after loading.
INFO:tensorflow:Assets written to: QDN\assets
WARNING:absl:Found untraced functions such as _jit_compiled_convolution_op, _jit_compiled_convolution_op, _update_step_xla while saving (showing 3 of 3). These functions will not be directly callable after loading.
INFO:tensorflow:Assets written to: QDN\assets
WARNING:absl:Found untraced functions such as _jit_compiled_convolution_op, _jit_compiled_convolution_op, _update_step_xla while saving (showing 3 of 3). These functions will not be directly callable after loading.
INFO:tensorflow:Assets written to: QDN\assets
WARNING:absl:Found untraced functions such as _jit_compiled_convolution_op, _jit_compiled_convolution_op, _update_step_xla while saving (showing 3 of 3). These functions will not be directly callable after loading.
INFO:tensorflow:Assets written to: QDN\assets
WARNING:absl:Found untraced functions such as _jit_compiled_convolution_op, _jit_compiled_convolution_op, _update_step_xla while saving (showing 3 of 3). These functions will not be directly callable after loading.
INFO:tensorflow:Assets written to: QDN\assets
